<?xml version="1.0" encoding="UTF-8"?>
<testsuite xmlns:xsi="http://www.w3.org/2001/XMLSchema-instance" xsi:noNamespaceSchemaLocation="https://maven.apache.org/surefire/maven-surefire-plugin/xsd/surefire-test-report.xsd" name="com.tt.springboottest.AppTest" time="0.069" tests="1" errors="0" skipped="0" failures="0">
  <properties>
    <property name="sun.desktop" value="windows"/>
    <property name="awt.toolkit" value="sun.awt.windows.WToolkit"/>
    <property name="file.encoding.pkg" value="sun.io"/>
    <property name="java.specification.version" value="1.8"/>
    <property name="sun.cpu.isalist" value="amd64"/>
    <property name="sun.jnu.encoding" value="GBK"/>
    <property name="java.class.path" value="E:\workplace\springboottest\target\test-classes;E:\workplace\springboottest\target\classes;E:\mavenpool\org\mybatis\spring\boot\mybatis-spring-boot-starter\1.1.1\mybatis-spring-boot-starter-1.1.1.jar;E:\mavenpool\org\mybatis\spring\boot\mybatis-spring-boot-autoconfigure\1.1.1\mybatis-spring-boot-autoconfigure-1.1.1.jar;E:\mavenpool\org\mybatis\mybatis\3.4.0\mybatis-3.4.0.jar;E:\mavenpool\org\mybatis\mybatis-spring\1.3.0\mybatis-spring-1.3.0.jar;E:\mavenpool\org\springframework\boot\spring-boot\2.0.3.RELEASE\spring-boot-2.0.3.RELEASE.jar;E:\mavenpool\org\springframework\boot\spring-boot-autoconfigure\2.0.3.RELEASE\spring-boot-autoconfigure-2.0.3.RELEASE.jar;E:\mavenpool\mysql\mysql-connector-java\5.1.25\mysql-connector-java-5.1.25.jar;E:\mavenpool\org\springframework\boot\spring-boot-starter-test\2.0.3.RELEASE\spring-boot-starter-test-2.0.3.RELEASE.jar;E:\mavenpool\org\springframework\boot\spring-boot-starter\2.0.3.RELEASE\spring-boot-starter-2.0.3.RELEASE.jar;E:\mavenpool\org\springframework\boot\spring-boot-starter-logging\2.0.3.RELEASE\spring-boot-starter-logging-2.0.3.RELEASE.jar;E:\mavenpool\ch\qos\logback\logback-classic\1.2.3\logback-classic-1.2.3.jar;E:\mavenpool\ch\qos\logback\logback-core\1.2.3\logback-core-1.2.3.jar;E:\mavenpool\org\apache\logging\log4j\log4j-to-slf4j\2.10.0\log4j-to-slf4j-2.10.0.jar;E:\mavenpool\org\apache\logging\log4j\log4j-api\2.10.0\log4j-api-2.10.0.jar;E:\mavenpool\org\slf4j\jul-to-slf4j\1.7.25\jul-to-slf4j-1.7.25.jar;E:\mavenpool\javax\annotation\javax.annotation-api\1.3.2\javax.annotation-api-1.3.2.jar;E:\mavenpool\org\yaml\snakeyaml\1.19\snakeyaml-1.19.jar;E:\mavenpool\org\springframework\boot\spring-boot-test\2.0.3.RELEASE\spring-boot-test-2.0.3.RELEASE.jar;E:\mavenpool\org\springframework\boot\spring-boot-test-autoconfigure\2.0.3.RELEASE\spring-boot-test-autoconfigure-2.0.3.RELEASE.jar;E:\mavenpool\com\jayway\jsonpath\json-path\2.4.0\json-path-2.4.0.jar;E:\mavenpool\net\minidev\json-smart\2.3\json-smart-2.3.jar;E:\mavenpool\net\minidev\accessors-smart\1.2\accessors-smart-1.2.jar;E:\mavenpool\org\ow2\asm\asm\5.0.4\asm-5.0.4.jar;E:\mavenpool\org\assertj\assertj-core\3.9.1\assertj-core-3.9.1.jar;E:\mavenpool\org\mockito\mockito-core\2.15.0\mockito-core-2.15.0.jar;E:\mavenpool\net\bytebuddy\byte-buddy\1.7.11\byte-buddy-1.7.11.jar;E:\mavenpool\net\bytebuddy\byte-buddy-agent\1.7.11\byte-buddy-agent-1.7.11.jar;E:\mavenpool\org\objenesis\objenesis\2.6\objenesis-2.6.jar;E:\mavenpool\org\hamcrest\hamcrest-core\1.3\hamcrest-core-1.3.jar;E:\mavenpool\org\hamcrest\hamcrest-library\1.3\hamcrest-library-1.3.jar;E:\mavenpool\org\skyscreamer\jsonassert\1.5.0\jsonassert-1.5.0.jar;E:\mavenpool\com\vaadin\external\google\android-json\0.0.20131108.vaadin1\android-json-0.0.20131108.vaadin1.jar;E:\mavenpool\org\springframework\spring-core\5.0.7.RELEASE\spring-core-5.0.7.RELEASE.jar;E:\mavenpool\org\springframework\spring-jcl\5.0.7.RELEASE\spring-jcl-5.0.7.RELEASE.jar;E:\mavenpool\org\springframework\spring-test\5.0.7.RELEASE\spring-test-5.0.7.RELEASE.jar;E:\mavenpool\org\xmlunit\xmlunit-core\2.5.1\xmlunit-core-2.5.1.jar;E:\mavenpool\org\springframework\boot\spring-boot-starter-web\2.0.3.RELEASE\spring-boot-starter-web-2.0.3.RELEASE.jar;E:\mavenpool\org\springframework\boot\spring-boot-starter-json\2.0.3.RELEASE\spring-boot-starter-json-2.0.3.RELEASE.jar;E:\mavenpool\com\fasterxml\jackson\datatype\jackson-datatype-jdk8\2.9.6\jackson-datatype-jdk8-2.9.6.jar;E:\mavenpool\com\fasterxml\jackson\datatype\jackson-datatype-jsr310\2.9.6\jackson-datatype-jsr310-2.9.6.jar;E:\mavenpool\com\fasterxml\jackson\module\jackson-module-parameter-names\2.9.6\jackson-module-parameter-names-2.9.6.jar;E:\mavenpool\org\springframework\boot\spring-boot-starter-tomcat\2.0.3.RELEASE\spring-boot-starter-tomcat-2.0.3.RELEASE.jar;E:\mavenpool\org\apache\tomcat\embed\tomcat-embed-core\8.5.31\tomcat-embed-core-8.5.31.jar;E:\mavenpool\org\apache\tomcat\embed\tomcat-embed-el\8.5.31\tomcat-embed-el-8.5.31.jar;E:\mavenpool\org\apache\tomcat\embed\tomcat-embed-websocket\8.5.31\tomcat-embed-websocket-8.5.31.jar;E:\mavenpool\org\hibernate\validator\hibernate-validator\6.0.10.Final\hibernate-validator-6.0.10.Final.jar;E:\mavenpool\javax\validation\validation-api\2.0.1.Final\validation-api-2.0.1.Final.jar;E:\mavenpool\org\jboss\logging\jboss-logging\3.3.2.Final\jboss-logging-3.3.2.Final.jar;E:\mavenpool\org\springframework\spring-web\5.0.7.RELEASE\spring-web-5.0.7.RELEASE.jar;E:\mavenpool\org\springframework\spring-webmvc\5.0.7.RELEASE\spring-webmvc-5.0.7.RELEASE.jar;E:\mavenpool\org\springframework\spring-aop\5.0.7.RELEASE\spring-aop-5.0.7.RELEASE.jar;E:\mavenpool\org\springframework\spring-expression\5.0.7.RELEASE\spring-expression-5.0.7.RELEASE.jar;E:\mavenpool\org\springframework\boot\spring-boot-starter-data-solr\2.0.3.RELEASE\spring-boot-starter-data-solr-2.0.3.RELEASE.jar;E:\mavenpool\org\apache\solr\solr-solrj\6.6.4\solr-solrj-6.6.4.jar;E:\mavenpool\commons-io\commons-io\2.5\commons-io-2.5.jar;E:\mavenpool\org\apache\commons\commons-math3\3.4.1\commons-math3-3.4.1.jar;E:\mavenpool\org\apache\zookeeper\zookeeper\3.4.10\zookeeper-3.4.10.jar;E:\mavenpool\org\codehaus\woodstox\stax2-api\3.1.4\stax2-api-3.1.4.jar;E:\mavenpool\org\codehaus\woodstox\woodstox-core-asl\4.4.1\woodstox-core-asl-4.4.1.jar;E:\mavenpool\org\noggit\noggit\0.6\noggit-0.6.jar;E:\mavenpool\org\springframework\data\spring-data-solr\3.0.8.RELEASE\spring-data-solr-3.0.8.RELEASE.jar;E:\mavenpool\org\springframework\data\spring-data-commons\2.0.8.RELEASE\spring-data-commons-2.0.8.RELEASE.jar;E:\mavenpool\org\apache\httpcomponents\httpmime\4.5.5\httpmime-4.5.5.jar;E:\mavenpool\org\springframework\boot\spring-boot-starter-freemarker\2.0.3.RELEASE\spring-boot-starter-freemarker-2.0.3.RELEASE.jar;E:\mavenpool\org\freemarker\freemarker\2.3.28\freemarker-2.3.28.jar;E:\mavenpool\com\alibaba\fastjson\1.2.31\fastjson-1.2.31.jar;E:\mavenpool\io\springfox\springfox-swagger2\2.6.1\springfox-swagger2-2.6.1.jar;E:\mavenpool\io\swagger\swagger-annotations\1.5.10\swagger-annotations-1.5.10.jar;E:\mavenpool\io\swagger\swagger-models\1.5.10\swagger-models-1.5.10.jar;E:\mavenpool\io\springfox\springfox-spi\2.6.1\springfox-spi-2.6.1.jar;E:\mavenpool\io\springfox\springfox-core\2.6.1\springfox-core-2.6.1.jar;E:\mavenpool\io\springfox\springfox-schema\2.6.1\springfox-schema-2.6.1.jar;E:\mavenpool\io\springfox\springfox-swagger-common\2.6.1\springfox-swagger-common-2.6.1.jar;E:\mavenpool\io\springfox\springfox-spring-web\2.6.1\springfox-spring-web-2.6.1.jar;E:\mavenpool\com\google\guava\guava\18.0\guava-18.0.jar;E:\mavenpool\com\fasterxml\classmate\1.3.4\classmate-1.3.4.jar;E:\mavenpool\org\slf4j\slf4j-api\1.7.25\slf4j-api-1.7.25.jar;E:\mavenpool\org\springframework\plugin\spring-plugin-core\1.2.0.RELEASE\spring-plugin-core-1.2.0.RELEASE.jar;E:\mavenpool\org\springframework\plugin\spring-plugin-metadata\1.2.0.RELEASE\spring-plugin-metadata-1.2.0.RELEASE.jar;E:\mavenpool\org\mapstruct\mapstruct\1.0.0.Final\mapstruct-1.0.0.Final.jar;E:\mavenpool\io\springfox\springfox-swagger-ui\2.6.1\springfox-swagger-ui-2.6.1.jar;E:\mavenpool\com\fasterxml\jackson\core\jackson-databind\2.9.4\jackson-databind-2.9.4.jar;E:\mavenpool\com\fasterxml\jackson\core\jackson-annotations\2.9.4\jackson-annotations-2.9.4.jar;E:\mavenpool\com\fasterxml\jackson\core\jackson-core\2.9.4\jackson-core-2.9.4.jar;E:\mavenpool\org\apache\commons\commons-lang3\3.7\commons-lang3-3.7.jar;E:\mavenpool\junit\junit\4.12\junit-4.12.jar;E:\mavenpool\org\quartz-scheduler\quartz\2.3.0\quartz-2.3.0.jar;E:\mavenpool\com\mchange\mchange-commons-java\0.2.11\mchange-commons-java-0.2.11.jar;E:\mavenpool\org\springframework\spring-context-support\5.0.7.RELEASE\spring-context-support-5.0.7.RELEASE.jar;E:\mavenpool\org\springframework\spring-beans\5.0.7.RELEASE\spring-beans-5.0.7.RELEASE.jar;E:\mavenpool\org\springframework\spring-context\5.0.7.RELEASE\spring-context-5.0.7.RELEASE.jar;E:\mavenpool\org\springframework\spring-tx\4.3.3.RELEASE\spring-tx-4.3.3.RELEASE.jar;E:\mavenpool\com\alibaba\druid\1.1.6\druid-1.1.6.jar;E:\mavenpool\org\springframework\boot\spring-boot-starter-jdbc\2.0.3.RELEASE\spring-boot-starter-jdbc-2.0.3.RELEASE.jar;E:\mavenpool\com\zaxxer\HikariCP\2.7.9\HikariCP-2.7.9.jar;E:\mavenpool\org\springframework\spring-jdbc\5.0.7.RELEASE\spring-jdbc-5.0.7.RELEASE.jar;E:\mavenpool\c3p0\c3p0\0.9.1.2\c3p0-0.9.1.2.jar;E:\mavenpool\org\springframework\boot\spring-boot-starter-thymeleaf\2.0.3.RELEASE\spring-boot-starter-thymeleaf-2.0.3.RELEASE.jar;E:\mavenpool\org\thymeleaf\thymeleaf-spring5\3.0.9.RELEASE\thymeleaf-spring5-3.0.9.RELEASE.jar;E:\mavenpool\org\thymeleaf\thymeleaf\3.0.9.RELEASE\thymeleaf-3.0.9.RELEASE.jar;E:\mavenpool\org\attoparser\attoparser\2.0.4.RELEASE\attoparser-2.0.4.RELEASE.jar;E:\mavenpool\org\unbescape\unbescape\1.1.5.RELEASE\unbescape-1.1.5.RELEASE.jar;E:\mavenpool\org\thymeleaf\extras\thymeleaf-extras-java8time\3.0.1.RELEASE\thymeleaf-extras-java8time-3.0.1.RELEASE.jar;E:\mavenpool\org\apache\httpcomponents\httpcore\4.4.10\httpcore-4.4.10.jar;E:\mavenpool\com\github\pagehelper\pagehelper-spring-boot-starter\1.2.3\pagehelper-spring-boot-starter-1.2.3.jar;E:\mavenpool\com\github\pagehelper\pagehelper-spring-boot-autoconfigure\1.2.3\pagehelper-spring-boot-autoconfigure-1.2.3.jar;E:\mavenpool\com\github\pagehelper\pagehelper\5.1.2\pagehelper-5.1.2.jar;E:\mavenpool\com\github\jsqlparser\jsqlparser\1.0\jsqlparser-1.0.jar;E:\mavenpool\com\github\abel533\mapper\2.3.4\mapper-2.3.4.jar;E:\mavenpool\javax\persistence\persistence-api\1.0\persistence-api-1.0.jar;E:\mavenpool\commons-beanutils\commons-beanutils\1.9.2\commons-beanutils-1.9.2.jar;E:\mavenpool\commons-logging\commons-logging\1.1.1\commons-logging-1.1.1.jar;E:\mavenpool\commons-collections\commons-collections\3.2.1\commons-collections-3.2.1.jar;E:\mavenpool\org\springframework\boot\spring-boot-starter-data-redis\2.0.3.RELEASE\spring-boot-starter-data-redis-2.0.3.RELEASE.jar;E:\mavenpool\org\springframework\data\spring-data-redis\2.0.8.RELEASE\spring-data-redis-2.0.8.RELEASE.jar;E:\mavenpool\org\springframework\data\spring-data-keyvalue\2.0.8.RELEASE\spring-data-keyvalue-2.0.8.RELEASE.jar;E:\mavenpool\org\springframework\spring-oxm\5.0.7.RELEASE\spring-oxm-5.0.7.RELEASE.jar;E:\mavenpool\io\lettuce\lettuce-core\5.0.4.RELEASE\lettuce-core-5.0.4.RELEASE.jar;E:\mavenpool\io\projectreactor\reactor-core\3.1.8.RELEASE\reactor-core-3.1.8.RELEASE.jar;E:\mavenpool\org\reactivestreams\reactive-streams\1.0.2\reactive-streams-1.0.2.jar;E:\mavenpool\io\netty\netty-common\4.1.25.Final\netty-common-4.1.25.Final.jar;E:\mavenpool\io\netty\netty-transport\4.1.25.Final\netty-transport-4.1.25.Final.jar;E:\mavenpool\io\netty\netty-buffer\4.1.25.Final\netty-buffer-4.1.25.Final.jar;E:\mavenpool\io\netty\netty-resolver\4.1.25.Final\netty-resolver-4.1.25.Final.jar;E:\mavenpool\io\netty\netty-handler\4.1.25.Final\netty-handler-4.1.25.Final.jar;E:\mavenpool\io\netty\netty-codec\4.1.25.Final\netty-codec-4.1.25.Final.jar;E:\mavenpool\redis\clients\jedis\2.9.0\jedis-2.9.0.jar;E:\mavenpool\org\apache\commons\commons-pool2\2.5.0\commons-pool2-2.5.0.jar;E:\mavenpool\org\apache\shiro\shiro-core\1.3.2\shiro-core-1.3.2.jar;E:\mavenpool\org\apache\shiro\shiro-spring\1.3.2\shiro-spring-1.3.2.jar;E:\mavenpool\org\apache\shiro\shiro-web\1.3.2\shiro-web-1.3.2.jar;E:\mavenpool\org\crazycake\shiro-redis\3.1.0\shiro-redis-3.1.0.jar;E:\mavenpool\com\puppycrawl\tools\checkstyle\8.3\checkstyle-8.3.jar;E:\mavenpool\antlr\antlr\2.7.7\antlr-2.7.7.jar;E:\mavenpool\org\antlr\antlr4-runtime\4.7\antlr4-runtime-4.7.jar;E:\mavenpool\commons-cli\commons-cli\1.4\commons-cli-1.4.jar;E:\mavenpool\net\sf\saxon\Saxon-HE\9.8.0-4\Saxon-HE-9.8.0-4.jar;E:\softrote\jdk\jre\..\lib\tools.jar;E:\mavenpool\org\springframework\boot\spring-boot-starter-amqp\2.0.3.RELEASE\spring-boot-starter-amqp-2.0.3.RELEASE.jar;E:\mavenpool\org\springframework\spring-messaging\5.0.7.RELEASE\spring-messaging-5.0.7.RELEASE.jar;E:\mavenpool\org\springframework\amqp\spring-rabbit\2.0.4.RELEASE\spring-rabbit-2.0.4.RELEASE.jar;E:\mavenpool\org\springframework\amqp\spring-amqp\2.0.4.RELEASE\spring-amqp-2.0.4.RELEASE.jar;E:\mavenpool\com\rabbitmq\amqp-client\5.1.2\amqp-client-5.1.2.jar;E:\mavenpool\org\springframework\retry\spring-retry\1.2.2.RELEASE\spring-retry-1.2.2.RELEASE.jar;E:\mavenpool\com\rabbitmq\http-client\2.0.1.RELEASE\http-client-2.0.1.RELEASE.jar;E:\mavenpool\org\springframework\spring-webflux\5.0.7.RELEASE\spring-webflux-5.0.7.RELEASE.jar;E:\mavenpool\org\apache\httpcomponents\httpclient\4.5.5\httpclient-4.5.5.jar;E:\mavenpool\commons-codec\commons-codec\1.11\commons-codec-1.11.jar;E:\mavenpool\io\projectreactor\ipc\reactor-netty\0.7.8.RELEASE\reactor-netty-0.7.8.RELEASE.jar;E:\mavenpool\io\netty\netty-codec-http\4.1.25.Final\netty-codec-http-4.1.25.Final.jar;E:\mavenpool\io\netty\netty-handler-proxy\4.1.25.Final\netty-handler-proxy-4.1.25.Final.jar;E:\mavenpool\io\netty\netty-codec-socks\4.1.25.Final\netty-codec-socks-4.1.25.Final.jar;E:\mavenpool\io\netty\netty-transport-native-epoll\4.1.25.Final\netty-transport-native-epoll-4.1.25.Final-linux-x86_64.jar;E:\mavenpool\io\netty\netty-transport-native-unix-common\4.1.25.Final\netty-transport-native-unix-common-4.1.25.Final.jar;"/>
    <property name="java.vm.vendor" value="Oracle Corporation"/>
    <property name="sun.arch.data.model" value="64"/>
    <property name="user.variant" value=""/>
    <property name="java.vendor.url" value="http://java.oracle.com/"/>
    <property name="user.timezone" value=""/>
    <property name="java.vm.specification.version" value="1.8"/>
    <property name="os.name" value="Windows 10"/>
    <property name="user.country" value="CN"/>
    <property name="sun.java.launcher" value="SUN_STANDARD"/>
    <property name="sun.boot.library.path" value="E:\softrote\jdk\jre\bin"/>
    <property name="sun.java.command" value="C:\Users\admin\AppData\Local\Temp\surefire8215798891890867364\surefirebooter8143940027494897436.jar C:\Users\admin\AppData\Local\Temp\surefire8215798891890867364 2020-06-23T17-22-22_030-jvmRun1 surefire5259207368608646095tmp surefire_07045568678969807256tmp"/>
    <property name="surefire.test.class.path" value="E:\workplace\springboottest\target\test-classes;E:\workplace\springboottest\target\classes;E:\mavenpool\org\mybatis\spring\boot\mybatis-spring-boot-starter\1.1.1\mybatis-spring-boot-starter-1.1.1.jar;E:\mavenpool\org\mybatis\spring\boot\mybatis-spring-boot-autoconfigure\1.1.1\mybatis-spring-boot-autoconfigure-1.1.1.jar;E:\mavenpool\org\mybatis\mybatis\3.4.0\mybatis-3.4.0.jar;E:\mavenpool\org\mybatis\mybatis-spring\1.3.0\mybatis-spring-1.3.0.jar;E:\mavenpool\org\springframework\boot\spring-boot\2.0.3.RELEASE\spring-boot-2.0.3.RELEASE.jar;E:\mavenpool\org\springframework\boot\spring-boot-autoconfigure\2.0.3.RELEASE\spring-boot-autoconfigure-2.0.3.RELEASE.jar;E:\mavenpool\mysql\mysql-connector-java\5.1.25\mysql-connector-java-5.1.25.jar;E:\mavenpool\org\springframework\boot\spring-boot-starter-test\2.0.3.RELEASE\spring-boot-starter-test-2.0.3.RELEASE.jar;E:\mavenpool\org\springframework\boot\spring-boot-starter\2.0.3.RELEASE\spring-boot-starter-2.0.3.RELEASE.jar;E:\mavenpool\org\springframework\boot\spring-boot-starter-logging\2.0.3.RELEASE\spring-boot-starter-logging-2.0.3.RELEASE.jar;E:\mavenpool\ch\qos\logback\logback-classic\1.2.3\logback-classic-1.2.3.jar;E:\mavenpool\ch\qos\logback\logback-core\1.2.3\logback-core-1.2.3.jar;E:\mavenpool\org\apache\logging\log4j\log4j-to-slf4j\2.10.0\log4j-to-slf4j-2.10.0.jar;E:\mavenpool\org\apache\logging\log4j\log4j-api\2.10.0\log4j-api-2.10.0.jar;E:\mavenpool\org\slf4j\jul-to-slf4j\1.7.25\jul-to-slf4j-1.7.25.jar;E:\mavenpool\javax\annotation\javax.annotation-api\1.3.2\javax.annotation-api-1.3.2.jar;E:\mavenpool\org\yaml\snakeyaml\1.19\snakeyaml-1.19.jar;E:\mavenpool\org\springframework\boot\spring-boot-test\2.0.3.RELEASE\spring-boot-test-2.0.3.RELEASE.jar;E:\mavenpool\org\springframework\boot\spring-boot-test-autoconfigure\2.0.3.RELEASE\spring-boot-test-autoconfigure-2.0.3.RELEASE.jar;E:\mavenpool\com\jayway\jsonpath\json-path\2.4.0\json-path-2.4.0.jar;E:\mavenpool\net\minidev\json-smart\2.3\json-smart-2.3.jar;E:\mavenpool\net\minidev\accessors-smart\1.2\accessors-smart-1.2.jar;E:\mavenpool\org\ow2\asm\asm\5.0.4\asm-5.0.4.jar;E:\mavenpool\org\assertj\assertj-core\3.9.1\assertj-core-3.9.1.jar;E:\mavenpool\org\mockito\mockito-core\2.15.0\mockito-core-2.15.0.jar;E:\mavenpool\net\bytebuddy\byte-buddy\1.7.11\byte-buddy-1.7.11.jar;E:\mavenpool\net\bytebuddy\byte-buddy-agent\1.7.11\byte-buddy-agent-1.7.11.jar;E:\mavenpool\org\objenesis\objenesis\2.6\objenesis-2.6.jar;E:\mavenpool\org\hamcrest\hamcrest-core\1.3\hamcrest-core-1.3.jar;E:\mavenpool\org\hamcrest\hamcrest-library\1.3\hamcrest-library-1.3.jar;E:\mavenpool\org\skyscreamer\jsonassert\1.5.0\jsonassert-1.5.0.jar;E:\mavenpool\com\vaadin\external\google\android-json\0.0.20131108.vaadin1\android-json-0.0.20131108.vaadin1.jar;E:\mavenpool\org\springframework\spring-core\5.0.7.RELEASE\spring-core-5.0.7.RELEASE.jar;E:\mavenpool\org\springframework\spring-jcl\5.0.7.RELEASE\spring-jcl-5.0.7.RELEASE.jar;E:\mavenpool\org\springframework\spring-test\5.0.7.RELEASE\spring-test-5.0.7.RELEASE.jar;E:\mavenpool\org\xmlunit\xmlunit-core\2.5.1\xmlunit-core-2.5.1.jar;E:\mavenpool\org\springframework\boot\spring-boot-starter-web\2.0.3.RELEASE\spring-boot-starter-web-2.0.3.RELEASE.jar;E:\mavenpool\org\springframework\boot\spring-boot-starter-json\2.0.3.RELEASE\spring-boot-starter-json-2.0.3.RELEASE.jar;E:\mavenpool\com\fasterxml\jackson\datatype\jackson-datatype-jdk8\2.9.6\jackson-datatype-jdk8-2.9.6.jar;E:\mavenpool\com\fasterxml\jackson\datatype\jackson-datatype-jsr310\2.9.6\jackson-datatype-jsr310-2.9.6.jar;E:\mavenpool\com\fasterxml\jackson\module\jackson-module-parameter-names\2.9.6\jackson-module-parameter-names-2.9.6.jar;E:\mavenpool\org\springframework\boot\spring-boot-starter-tomcat\2.0.3.RELEASE\spring-boot-starter-tomcat-2.0.3.RELEASE.jar;E:\mavenpool\org\apache\tomcat\embed\tomcat-embed-core\8.5.31\tomcat-embed-core-8.5.31.jar;E:\mavenpool\org\apache\tomcat\embed\tomcat-embed-el\8.5.31\tomcat-embed-el-8.5.31.jar;E:\mavenpool\org\apache\tomcat\embed\tomcat-embed-websocket\8.5.31\tomcat-embed-websocket-8.5.31.jar;E:\mavenpool\org\hibernate\validator\hibernate-validator\6.0.10.Final\hibernate-validator-6.0.10.Final.jar;E:\mavenpool\javax\validation\validation-api\2.0.1.Final\validation-api-2.0.1.Final.jar;E:\mavenpool\org\jboss\logging\jboss-logging\3.3.2.Final\jboss-logging-3.3.2.Final.jar;E:\mavenpool\org\springframework\spring-web\5.0.7.RELEASE\spring-web-5.0.7.RELEASE.jar;E:\mavenpool\org\springframework\spring-webmvc\5.0.7.RELEASE\spring-webmvc-5.0.7.RELEASE.jar;E:\mavenpool\org\springframework\spring-aop\5.0.7.RELEASE\spring-aop-5.0.7.RELEASE.jar;E:\mavenpool\org\springframework\spring-expression\5.0.7.RELEASE\spring-expression-5.0.7.RELEASE.jar;E:\mavenpool\org\springframework\boot\spring-boot-starter-data-solr\2.0.3.RELEASE\spring-boot-starter-data-solr-2.0.3.RELEASE.jar;E:\mavenpool\org\apache\solr\solr-solrj\6.6.4\solr-solrj-6.6.4.jar;E:\mavenpool\commons-io\commons-io\2.5\commons-io-2.5.jar;E:\mavenpool\org\apache\commons\commons-math3\3.4.1\commons-math3-3.4.1.jar;E:\mavenpool\org\apache\zookeeper\zookeeper\3.4.10\zookeeper-3.4.10.jar;E:\mavenpool\org\codehaus\woodstox\stax2-api\3.1.4\stax2-api-3.1.4.jar;E:\mavenpool\org\codehaus\woodstox\woodstox-core-asl\4.4.1\woodstox-core-asl-4.4.1.jar;E:\mavenpool\org\noggit\noggit\0.6\noggit-0.6.jar;E:\mavenpool\org\springframework\data\spring-data-solr\3.0.8.RELEASE\spring-data-solr-3.0.8.RELEASE.jar;E:\mavenpool\org\springframework\data\spring-data-commons\2.0.8.RELEASE\spring-data-commons-2.0.8.RELEASE.jar;E:\mavenpool\org\apache\httpcomponents\httpmime\4.5.5\httpmime-4.5.5.jar;E:\mavenpool\org\springframework\boot\spring-boot-starter-freemarker\2.0.3.RELEASE\spring-boot-starter-freemarker-2.0.3.RELEASE.jar;E:\mavenpool\org\freemarker\freemarker\2.3.28\freemarker-2.3.28.jar;E:\mavenpool\com\alibaba\fastjson\1.2.31\fastjson-1.2.31.jar;E:\mavenpool\io\springfox\springfox-swagger2\2.6.1\springfox-swagger2-2.6.1.jar;E:\mavenpool\io\swagger\swagger-annotations\1.5.10\swagger-annotations-1.5.10.jar;E:\mavenpool\io\swagger\swagger-models\1.5.10\swagger-models-1.5.10.jar;E:\mavenpool\io\springfox\springfox-spi\2.6.1\springfox-spi-2.6.1.jar;E:\mavenpool\io\springfox\springfox-core\2.6.1\springfox-core-2.6.1.jar;E:\mavenpool\io\springfox\springfox-schema\2.6.1\springfox-schema-2.6.1.jar;E:\mavenpool\io\springfox\springfox-swagger-common\2.6.1\springfox-swagger-common-2.6.1.jar;E:\mavenpool\io\springfox\springfox-spring-web\2.6.1\springfox-spring-web-2.6.1.jar;E:\mavenpool\com\google\guava\guava\18.0\guava-18.0.jar;E:\mavenpool\com\fasterxml\classmate\1.3.4\classmate-1.3.4.jar;E:\mavenpool\org\slf4j\slf4j-api\1.7.25\slf4j-api-1.7.25.jar;E:\mavenpool\org\springframework\plugin\spring-plugin-core\1.2.0.RELEASE\spring-plugin-core-1.2.0.RELEASE.jar;E:\mavenpool\org\springframework\plugin\spring-plugin-metadata\1.2.0.RELEASE\spring-plugin-metadata-1.2.0.RELEASE.jar;E:\mavenpool\org\mapstruct\mapstruct\1.0.0.Final\mapstruct-1.0.0.Final.jar;E:\mavenpool\io\springfox\springfox-swagger-ui\2.6.1\springfox-swagger-ui-2.6.1.jar;E:\mavenpool\com\fasterxml\jackson\core\jackson-databind\2.9.4\jackson-databind-2.9.4.jar;E:\mavenpool\com\fasterxml\jackson\core\jackson-annotations\2.9.4\jackson-annotations-2.9.4.jar;E:\mavenpool\com\fasterxml\jackson\core\jackson-core\2.9.4\jackson-core-2.9.4.jar;E:\mavenpool\org\apache\commons\commons-lang3\3.7\commons-lang3-3.7.jar;E:\mavenpool\junit\junit\4.12\junit-4.12.jar;E:\mavenpool\org\quartz-scheduler\quartz\2.3.0\quartz-2.3.0.jar;E:\mavenpool\com\mchange\mchange-commons-java\0.2.11\mchange-commons-java-0.2.11.jar;E:\mavenpool\org\springframework\spring-context-support\5.0.7.RELEASE\spring-context-support-5.0.7.RELEASE.jar;E:\mavenpool\org\springframework\spring-beans\5.0.7.RELEASE\spring-beans-5.0.7.RELEASE.jar;E:\mavenpool\org\springframework\spring-context\5.0.7.RELEASE\spring-context-5.0.7.RELEASE.jar;E:\mavenpool\org\springframework\spring-tx\4.3.3.RELEASE\spring-tx-4.3.3.RELEASE.jar;E:\mavenpool\com\alibaba\druid\1.1.6\druid-1.1.6.jar;E:\mavenpool\org\springframework\boot\spring-boot-starter-jdbc\2.0.3.RELEASE\spring-boot-starter-jdbc-2.0.3.RELEASE.jar;E:\mavenpool\com\zaxxer\HikariCP\2.7.9\HikariCP-2.7.9.jar;E:\mavenpool\org\springframework\spring-jdbc\5.0.7.RELEASE\spring-jdbc-5.0.7.RELEASE.jar;E:\mavenpool\c3p0\c3p0\0.9.1.2\c3p0-0.9.1.2.jar;E:\mavenpool\org\springframework\boot\spring-boot-starter-thymeleaf\2.0.3.RELEASE\spring-boot-starter-thymeleaf-2.0.3.RELEASE.jar;E:\mavenpool\org\thymeleaf\thymeleaf-spring5\3.0.9.RELEASE\thymeleaf-spring5-3.0.9.RELEASE.jar;E:\mavenpool\org\thymeleaf\thymeleaf\3.0.9.RELEASE\thymeleaf-3.0.9.RELEASE.jar;E:\mavenpool\org\attoparser\attoparser\2.0.4.RELEASE\attoparser-2.0.4.RELEASE.jar;E:\mavenpool\org\unbescape\unbescape\1.1.5.RELEASE\unbescape-1.1.5.RELEASE.jar;E:\mavenpool\org\thymeleaf\extras\thymeleaf-extras-java8time\3.0.1.RELEASE\thymeleaf-extras-java8time-3.0.1.RELEASE.jar;E:\mavenpool\org\apache\httpcomponents\httpcore\4.4.10\httpcore-4.4.10.jar;E:\mavenpool\com\github\pagehelper\pagehelper-spring-boot-starter\1.2.3\pagehelper-spring-boot-starter-1.2.3.jar;E:\mavenpool\com\github\pagehelper\pagehelper-spring-boot-autoconfigure\1.2.3\pagehelper-spring-boot-autoconfigure-1.2.3.jar;E:\mavenpool\com\github\pagehelper\pagehelper\5.1.2\pagehelper-5.1.2.jar;E:\mavenpool\com\github\jsqlparser\jsqlparser\1.0\jsqlparser-1.0.jar;E:\mavenpool\com\github\abel533\mapper\2.3.4\mapper-2.3.4.jar;E:\mavenpool\javax\persistence\persistence-api\1.0\persistence-api-1.0.jar;E:\mavenpool\commons-beanutils\commons-beanutils\1.9.2\commons-beanutils-1.9.2.jar;E:\mavenpool\commons-logging\commons-logging\1.1.1\commons-logging-1.1.1.jar;E:\mavenpool\commons-collections\commons-collections\3.2.1\commons-collections-3.2.1.jar;E:\mavenpool\org\springframework\boot\spring-boot-starter-data-redis\2.0.3.RELEASE\spring-boot-starter-data-redis-2.0.3.RELEASE.jar;E:\mavenpool\org\springframework\data\spring-data-redis\2.0.8.RELEASE\spring-data-redis-2.0.8.RELEASE.jar;E:\mavenpool\org\springframework\data\spring-data-keyvalue\2.0.8.RELEASE\spring-data-keyvalue-2.0.8.RELEASE.jar;E:\mavenpool\org\springframework\spring-oxm\5.0.7.RELEASE\spring-oxm-5.0.7.RELEASE.jar;E:\mavenpool\io\lettuce\lettuce-core\5.0.4.RELEASE\lettuce-core-5.0.4.RELEASE.jar;E:\mavenpool\io\projectreactor\reactor-core\3.1.8.RELEASE\reactor-core-3.1.8.RELEASE.jar;E:\mavenpool\org\reactivestreams\reactive-streams\1.0.2\reactive-streams-1.0.2.jar;E:\mavenpool\io\netty\netty-common\4.1.25.Final\netty-common-4.1.25.Final.jar;E:\mavenpool\io\netty\netty-transport\4.1.25.Final\netty-transport-4.1.25.Final.jar;E:\mavenpool\io\netty\netty-buffer\4.1.25.Final\netty-buffer-4.1.25.Final.jar;E:\mavenpool\io\netty\netty-resolver\4.1.25.Final\netty-resolver-4.1.25.Final.jar;E:\mavenpool\io\netty\netty-handler\4.1.25.Final\netty-handler-4.1.25.Final.jar;E:\mavenpool\io\netty\netty-codec\4.1.25.Final\netty-codec-4.1.25.Final.jar;E:\mavenpool\redis\clients\jedis\2.9.0\jedis-2.9.0.jar;E:\mavenpool\org\apache\commons\commons-pool2\2.5.0\commons-pool2-2.5.0.jar;E:\mavenpool\org\apache\shiro\shiro-core\1.3.2\shiro-core-1.3.2.jar;E:\mavenpool\org\apache\shiro\shiro-spring\1.3.2\shiro-spring-1.3.2.jar;E:\mavenpool\org\apache\shiro\shiro-web\1.3.2\shiro-web-1.3.2.jar;E:\mavenpool\org\crazycake\shiro-redis\3.1.0\shiro-redis-3.1.0.jar;E:\mavenpool\com\puppycrawl\tools\checkstyle\8.3\checkstyle-8.3.jar;E:\mavenpool\antlr\antlr\2.7.7\antlr-2.7.7.jar;E:\mavenpool\org\antlr\antlr4-runtime\4.7\antlr4-runtime-4.7.jar;E:\mavenpool\commons-cli\commons-cli\1.4\commons-cli-1.4.jar;E:\mavenpool\net\sf\saxon\Saxon-HE\9.8.0-4\Saxon-HE-9.8.0-4.jar;E:\softrote\jdk\jre\..\lib\tools.jar;E:\mavenpool\org\springframework\boot\spring-boot-starter-amqp\2.0.3.RELEASE\spring-boot-starter-amqp-2.0.3.RELEASE.jar;E:\mavenpool\org\springframework\spring-messaging\5.0.7.RELEASE\spring-messaging-5.0.7.RELEASE.jar;E:\mavenpool\org\springframework\amqp\spring-rabbit\2.0.4.RELEASE\spring-rabbit-2.0.4.RELEASE.jar;E:\mavenpool\org\springframework\amqp\spring-amqp\2.0.4.RELEASE\spring-amqp-2.0.4.RELEASE.jar;E:\mavenpool\com\rabbitmq\amqp-client\5.1.2\amqp-client-5.1.2.jar;E:\mavenpool\org\springframework\retry\spring-retry\1.2.2.RELEASE\spring-retry-1.2.2.RELEASE.jar;E:\mavenpool\com\rabbitmq\http-client\2.0.1.RELEASE\http-client-2.0.1.RELEASE.jar;E:\mavenpool\org\springframework\spring-webflux\5.0.7.RELEASE\spring-webflux-5.0.7.RELEASE.jar;E:\mavenpool\org\apache\httpcomponents\httpclient\4.5.5\httpclient-4.5.5.jar;E:\mavenpool\commons-codec\commons-codec\1.11\commons-codec-1.11.jar;E:\mavenpool\io\projectreactor\ipc\reactor-netty\0.7.8.RELEASE\reactor-netty-0.7.8.RELEASE.jar;E:\mavenpool\io\netty\netty-codec-http\4.1.25.Final\netty-codec-http-4.1.25.Final.jar;E:\mavenpool\io\netty\netty-handler-proxy\4.1.25.Final\netty-handler-proxy-4.1.25.Final.jar;E:\mavenpool\io\netty\netty-codec-socks\4.1.25.Final\netty-codec-socks-4.1.25.Final.jar;E:\mavenpool\io\netty\netty-transport-native-epoll\4.1.25.Final\netty-transport-native-epoll-4.1.25.Final-linux-x86_64.jar;E:\mavenpool\io\netty\netty-transport-native-unix-common\4.1.25.Final\netty-transport-native-unix-common-4.1.25.Final.jar;"/>
    <property name="sun.cpu.endian" value="little"/>
    <property name="user.home" value="C:\Users\admin"/>
    <property name="user.language" value="zh"/>
    <property name="java.specification.vendor" value="Oracle Corporation"/>
    <property name="java.home" value="E:\softrote\jdk\jre"/>
    <property name="basedir" value="E:\workplace\springboottest"/>
    <property name="file.separator" value="\"/>
    <property name="line.separator" value="&#10;"/>
    <property name="java.vm.specification.vendor" value="Oracle Corporation"/>
    <property name="java.specification.name" value="Java Platform API Specification"/>
    <property name="java.awt.graphicsenv" value="sun.awt.Win32GraphicsEnvironment"/>
    <property name="surefire.real.class.path" value="C:\Users\admin\AppData\Local\Temp\surefire8215798891890867364\surefirebooter8143940027494897436.jar"/>
    <property name="sun.boot.class.path" value="E:\softrote\jdk\jre\lib\resources.jar;E:\softrote\jdk\jre\lib\rt.jar;E:\softrote\jdk\jre\lib\sunrsasign.jar;E:\softrote\jdk\jre\lib\jsse.jar;E:\softrote\jdk\jre\lib\jce.jar;E:\softrote\jdk\jre\lib\charsets.jar;E:\softrote\jdk\jre\lib\jfr.jar;E:\softrote\jdk\jre\classes"/>
    <property name="user.script" value=""/>
    <property name="sun.management.compiler" value="HotSpot 64-Bit Tiered Compilers"/>
    <property name="java.runtime.version" value="1.8.0_161-b12"/>
    <property name="user.name" value="admin"/>
    <property name="path.separator" value=";"/>
    <property name="os.version" value="10.0"/>
    <property name="java.endorsed.dirs" value="E:\softrote\jdk\jre\lib\endorsed"/>
    <property name="java.runtime.name" value="Java(TM) SE Runtime Environment"/>
    <property name="file.encoding" value="GBK"/>
    <property name="java.vm.name" value="Java HotSpot(TM) 64-Bit Server VM"/>
    <property name="localRepository" value="E:\mavenpool"/>
    <property name="java.vendor.url.bug" value="http://bugreport.sun.com/bugreport/"/>
    <property name="java.io.tmpdir" value="C:\Users\admin\AppData\Local\Temp\"/>
    <property name="java.version" value="1.8.0_161"/>
    <property name="user.dir" value="E:\workplace\springboottest"/>
    <property name="os.arch" value="amd64"/>
    <property name="java.vm.specification.name" value="Java Virtual Machine Specification"/>
    <property name="java.awt.printerjob" value="sun.awt.windows.WPrinterJob"/>
    <property name="sun.os.patch.level" value=""/>
    <property name="java.library.path" value="E:\softrote\jdk\jre\bin;C:\Windows\Sun\Java\bin;C:\Windows\system32;C:\Windows;E:/softrote/jdk/jdk/bin/server;E:/softrote/jdk/jdk/bin;E:/softrote/jdk/jdk/lib/amd64;E:\softrote\xshell\;C:\ProgramData\Oracle\Java\javapath;C:\Windows\system32;C:\Windows;C:\Windows\System32\Wbem;C:\Windows\System32\WindowsPowerShell\v1.0\;E:\softrote\mysql\bin;E:\softrote\jdk\bin;E:\softrote\jdk\jre\lib;E:\softrote\svn\bin;E:\softrote\svn\tortosvn\bin;E:\softrote\redis;E:\softrote\erlang\erl10.7\bin\erl.exe;E:\softrote\rabtmq\rabbitmq_server-3.7.7\sbin;E:\softrote\maven\apache-maven-3.5.2\bin;E:\softrote\nodejs\node-v12.18.0;E:\soft\Eclipse安装包\eclipse-jee-2018-12-R-win32-x86_64\eclipse;;."/>
    <property name="java.vm.info" value="mixed mode"/>
    <property name="java.vendor" value="Oracle Corporation"/>
    <property name="java.vm.version" value="25.161-b12"/>
    <property name="java.ext.dirs" value="E:\softrote\jdk\jre\lib\ext;C:\Windows\Sun\Java\lib\ext"/>
    <property name="sun.io.unicode.encoding" value="UnicodeLittle"/>
    <property name="java.class.version" value="52.0"/>
  </properties>
  <testcase name="testApp" classname="com.tt.springboottest.AppTest" time="0.004"/>
</testsuite>